2017-10-31 09:12:38.229   INFO  --- [  restartedMain] org.mystic.blog.BlogApplication          : Starting BlogApplication on sj143 with PID 14036 (D:\JetBrains\IdeaProjects\Blog\target\classes started by mystic in D:\JetBrains\IdeaProjects\Blog)
2017-10-31 09:12:38.266   INFO  --- [  restartedMain] org.mystic.blog.BlogApplication          : No active profile set, falling back to default profiles: default
2017-10-31 09:12:38.598   INFO  --- [kground-preinit] ibernate.validator.internal.util.Version : HV000001: Hibernate Validator 5.3.5.Final
2017-10-31 09:12:41.492   INFO  --- [  restartedMain] org.apache.catalina.core.StandardService : Starting service [Tomcat]
2017-10-31 09:12:41.492   INFO  --- [  restartedMain] org.apache.catalina.core.StandardEngine  : Starting Servlet Engine: Apache Tomcat/8.5.20
2017-10-31 09:12:41.607   INFO  --- [ost-startStop-1] e.ContainerBase.[Tomcat].[localhost].[/] : Initializing Spring embedded WebApplicationContext
2017-10-31 09:12:44.571   INFO  --- [  restartedMain] plugins.DocumentationPluginsBootstrapper : Context refreshed
2017-10-31 09:12:44.571   INFO  --- [  restartedMain] plugins.DocumentationPluginsBootstrapper : Found 1 custom documentation plugin(s)
2017-10-31 09:12:44.587   INFO  --- [  restartedMain] .web.scanners.ApiListingReferenceScanner : Scanning for api listing references
2017-10-31 09:12:44.818   INFO  --- [  restartedMain] g.apache.coyote.http11.Http11NioProtocol : Initializing ProtocolHandler ["http-nio-8080"]
2017-10-31 09:12:44.833   INFO  --- [  restartedMain] g.apache.coyote.http11.Http11NioProtocol : Starting ProtocolHandler ["http-nio-8080"]
2017-10-31 09:12:44.867   INFO  --- [  restartedMain] g.apache.tomcat.util.net.NioSelectorPool : Using a shared selector for servlet write/read
2017-10-31 09:12:44.887   INFO  --- [  restartedMain] org.mystic.blog.BlogApplication          : Started BlogApplication in 7.044 seconds (JVM running for 9.874)
2017-10-31 09:39:58.581   INFO  --- [  restartedMain] org.mystic.blog.BlogApplication          : Starting BlogApplication on sj143 with PID 9352 (D:\JetBrains\IdeaProjects\Blog\target\classes started by mystic in D:\JetBrains\IdeaProjects\Blog)
2017-10-31 09:39:58.585   INFO  --- [  restartedMain] org.mystic.blog.BlogApplication          : No active profile set, falling back to default profiles: default
2017-10-31 09:39:58.711   INFO  --- [kground-preinit] ibernate.validator.internal.util.Version : HV000001: Hibernate Validator 5.3.5.Final
2017-10-31 09:40:00.394   INFO  --- [  restartedMain] org.apache.catalina.core.StandardService : Starting service [Tomcat]
2017-10-31 09:40:00.394   INFO  --- [  restartedMain] org.apache.catalina.core.StandardEngine  : Starting Servlet Engine: Apache Tomcat/8.5.20
2017-10-31 09:40:00.493   INFO  --- [ost-startStop-1] e.ContainerBase.[Tomcat].[localhost].[/] : Initializing Spring embedded WebApplicationContext
2017-10-31 09:40:02.743   INFO  --- [  restartedMain] plugins.DocumentationPluginsBootstrapper : Context refreshed
2017-10-31 09:40:02.758   INFO  --- [  restartedMain] plugins.DocumentationPluginsBootstrapper : Found 1 custom documentation plugin(s)
2017-10-31 09:40:02.774   INFO  --- [  restartedMain] .web.scanners.ApiListingReferenceScanner : Scanning for api listing references
2017-10-31 09:40:02.991   INFO  --- [  restartedMain] g.apache.coyote.http11.Http11NioProtocol : Initializing ProtocolHandler ["http-nio-8080"]
2017-10-31 09:40:02.996   INFO  --- [  restartedMain] g.apache.coyote.http11.Http11NioProtocol : Starting ProtocolHandler ["http-nio-8080"]
2017-10-31 09:40:02.996   INFO  --- [  restartedMain] g.apache.tomcat.util.net.NioSelectorPool : Using a shared selector for servlet write/read
2017-10-31 09:40:03.027   INFO  --- [  restartedMain] org.mystic.blog.BlogApplication          : Started BlogApplication in 4.751 seconds (JVM running for 6.161)
2017-10-31 09:40:46.943   INFO  --- [nio-8080-exec-1] e.ContainerBase.[Tomcat].[localhost].[/] : Initializing Spring FrameworkServlet 'dispatcherServlet'
2017-10-31 09:40:47.220   INFO  --- [nio-8080-exec-1] com.alibaba.druid.pool.DruidDataSource   : {dataSource-1} inited
2017-10-31 10:18:22.909   INFO  --- [  restartedMain] org.mystic.blog.BlogApplication          : Starting BlogApplication on sj143 with PID 2620 (D:\JetBrains\IdeaProjects\Blog\target\classes started by mystic in D:\JetBrains\IdeaProjects\Blog)
2017-10-31 10:18:22.931   INFO  --- [  restartedMain] org.mystic.blog.BlogApplication          : No active profile set, falling back to default profiles: default
2017-10-31 10:18:23.079   INFO  --- [kground-preinit] ibernate.validator.internal.util.Version : HV000001: Hibernate Validator 5.3.5.Final
2017-10-31 10:18:24.769   INFO  --- [  restartedMain] org.apache.catalina.core.StandardService : Starting service [Tomcat]
2017-10-31 10:18:24.770   INFO  --- [  restartedMain] org.apache.catalina.core.StandardEngine  : Starting Servlet Engine: Apache Tomcat/8.5.20
2017-10-31 10:18:24.863   INFO  --- [ost-startStop-1] e.ContainerBase.[Tomcat].[localhost].[/] : Initializing Spring embedded WebApplicationContext
2017-10-31 10:18:27.084   INFO  --- [  restartedMain] plugins.DocumentationPluginsBootstrapper : Context refreshed
2017-10-31 10:18:27.095   INFO  --- [  restartedMain] plugins.DocumentationPluginsBootstrapper : Found 1 custom documentation plugin(s)
2017-10-31 10:18:27.104   INFO  --- [  restartedMain] .web.scanners.ApiListingReferenceScanner : Scanning for api listing references
2017-10-31 10:18:27.288   INFO  --- [  restartedMain] g.apache.coyote.http11.Http11NioProtocol : Initializing ProtocolHandler ["http-nio-8080"]
2017-10-31 10:18:27.296   INFO  --- [  restartedMain] g.apache.coyote.http11.Http11NioProtocol : Starting ProtocolHandler ["http-nio-8080"]
2017-10-31 10:18:27.312   INFO  --- [  restartedMain] g.apache.tomcat.util.net.NioSelectorPool : Using a shared selector for servlet write/read
2017-10-31 10:18:27.337   INFO  --- [  restartedMain] org.mystic.blog.BlogApplication          : Started BlogApplication in 4.714 seconds (JVM running for 6.151)
2017-10-31 10:18:59.187   INFO  --- [nio-8080-exec-1] e.ContainerBase.[Tomcat].[localhost].[/] : Initializing Spring FrameworkServlet 'dispatcherServlet'
2017-10-31 10:55:08.562   INFO  --- [  restartedMain] org.mystic.blog.BlogApplication          : Starting BlogApplication on sj143 with PID 10568 (D:\JetBrains\IdeaProjects\Blog\target\classes started by mystic in D:\JetBrains\IdeaProjects\Blog)
2017-10-31 10:55:08.573   INFO  --- [  restartedMain] org.mystic.blog.BlogApplication          : No active profile set, falling back to default profiles: default
2017-10-31 10:55:08.877   INFO  --- [kground-preinit] ibernate.validator.internal.util.Version : HV000001: Hibernate Validator 5.3.5.Final
2017-10-31 10:55:10.424   INFO  --- [  restartedMain] org.apache.catalina.core.StandardService : Starting service [Tomcat]
2017-10-31 10:55:10.425   INFO  --- [  restartedMain] org.apache.catalina.core.StandardEngine  : Starting Servlet Engine: Apache Tomcat/8.5.20
2017-10-31 10:55:10.539   INFO  --- [ost-startStop-1] e.ContainerBase.[Tomcat].[localhost].[/] : Initializing Spring embedded WebApplicationContext
2017-10-31 10:55:12.748   INFO  --- [  restartedMain] plugins.DocumentationPluginsBootstrapper : Context refreshed
2017-10-31 10:55:12.761   INFO  --- [  restartedMain] plugins.DocumentationPluginsBootstrapper : Found 1 custom documentation plugin(s)
2017-10-31 10:55:12.772   INFO  --- [  restartedMain] .web.scanners.ApiListingReferenceScanner : Scanning for api listing references
2017-10-31 10:55:12.985   INFO  --- [  restartedMain] g.apache.coyote.http11.Http11NioProtocol : Initializing ProtocolHandler ["http-nio-8080"]
2017-10-31 10:55:12.992   INFO  --- [  restartedMain] g.apache.coyote.http11.Http11NioProtocol : Starting ProtocolHandler ["http-nio-8080"]
2017-10-31 10:55:13.008   INFO  --- [  restartedMain] g.apache.tomcat.util.net.NioSelectorPool : Using a shared selector for servlet write/read
2017-10-31 10:55:13.036   INFO  --- [  restartedMain] org.mystic.blog.BlogApplication          : Started BlogApplication in 4.787 seconds (JVM running for 6.165)
2017-10-31 10:55:32.068   INFO  --- [nio-8080-exec-2] e.ContainerBase.[Tomcat].[localhost].[/] : Initializing Spring FrameworkServlet 'dispatcherServlet'
2017-10-31 11:14:45.655   INFO  --- [  restartedMain] org.mystic.blog.BlogApplication          : Starting BlogApplication on sj143 with PID 14080 (D:\JetBrains\IdeaProjects\Blog\target\classes started by mystic in D:\JetBrains\IdeaProjects\Blog)
2017-10-31 11:14:45.658   INFO  --- [  restartedMain] org.mystic.blog.BlogApplication          : No active profile set, falling back to default profiles: default
2017-10-31 11:14:45.838   INFO  --- [kground-preinit] ibernate.validator.internal.util.Version : HV000001: Hibernate Validator 5.3.5.Final
2017-10-31 11:14:47.444   INFO  --- [  restartedMain] org.apache.catalina.core.StandardService : Starting service [Tomcat]
2017-10-31 11:14:47.446   INFO  --- [  restartedMain] org.apache.catalina.core.StandardEngine  : Starting Servlet Engine: Apache Tomcat/8.5.20
2017-10-31 11:14:47.544   INFO  --- [ost-startStop-1] e.ContainerBase.[Tomcat].[localhost].[/] : Initializing Spring embedded WebApplicationContext
2017-10-31 11:14:49.812   INFO  --- [  restartedMain] plugins.DocumentationPluginsBootstrapper : Context refreshed
2017-10-31 11:14:49.824   INFO  --- [  restartedMain] plugins.DocumentationPluginsBootstrapper : Found 1 custom documentation plugin(s)
2017-10-31 11:14:49.832   INFO  --- [  restartedMain] .web.scanners.ApiListingReferenceScanner : Scanning for api listing references
2017-10-31 11:14:50.016   INFO  --- [  restartedMain] g.apache.coyote.http11.Http11NioProtocol : Initializing ProtocolHandler ["http-nio-8080"]
2017-10-31 11:14:50.023   INFO  --- [  restartedMain] g.apache.coyote.http11.Http11NioProtocol : Starting ProtocolHandler ["http-nio-8080"]
2017-10-31 11:14:50.038   INFO  --- [  restartedMain] g.apache.tomcat.util.net.NioSelectorPool : Using a shared selector for servlet write/read
2017-10-31 11:14:50.063   INFO  --- [  restartedMain] org.mystic.blog.BlogApplication          : Started BlogApplication in 4.762 seconds (JVM running for 6.174)
2017-10-31 11:14:55.695   INFO  --- [nio-8080-exec-1] e.ContainerBase.[Tomcat].[localhost].[/] : Initializing Spring FrameworkServlet 'dispatcherServlet'
2017-10-31 11:21:59.274   INFO  --- [  restartedMain] org.mystic.blog.BlogApplication          : Starting BlogApplication on sj143 with PID 12664 (D:\JetBrains\IdeaProjects\Blog\target\classes started by mystic in D:\JetBrains\IdeaProjects\Blog)
2017-10-31 11:21:59.276   INFO  --- [  restartedMain] org.mystic.blog.BlogApplication          : No active profile set, falling back to default profiles: default
2017-10-31 11:21:59.405   INFO  --- [kground-preinit] ibernate.validator.internal.util.Version : HV000001: Hibernate Validator 5.3.5.Final
2017-10-31 11:22:00.989   INFO  --- [  restartedMain] org.apache.catalina.core.StandardService : Starting service [Tomcat]
2017-10-31 11:22:00.990   INFO  --- [  restartedMain] org.apache.catalina.core.StandardEngine  : Starting Servlet Engine: Apache Tomcat/8.5.20
2017-10-31 11:22:01.096   INFO  --- [ost-startStop-1] e.ContainerBase.[Tomcat].[localhost].[/] : Initializing Spring embedded WebApplicationContext
2017-10-31 11:22:03.285   INFO  --- [  restartedMain] plugins.DocumentationPluginsBootstrapper : Context refreshed
2017-10-31 11:22:03.302   INFO  --- [  restartedMain] plugins.DocumentationPluginsBootstrapper : Found 1 custom documentation plugin(s)
2017-10-31 11:22:03.316   INFO  --- [  restartedMain] .web.scanners.ApiListingReferenceScanner : Scanning for api listing references
2017-10-31 11:22:03.545   INFO  --- [  restartedMain] g.apache.coyote.http11.Http11NioProtocol : Initializing ProtocolHandler ["http-nio-8080"]
2017-10-31 11:22:03.553   INFO  --- [  restartedMain] g.apache.coyote.http11.Http11NioProtocol : Starting ProtocolHandler ["http-nio-8080"]
2017-10-31 11:22:03.569   INFO  --- [  restartedMain] g.apache.tomcat.util.net.NioSelectorPool : Using a shared selector for servlet write/read
2017-10-31 11:22:03.592   INFO  --- [  restartedMain] org.mystic.blog.BlogApplication          : Started BlogApplication in 4.633 seconds (JVM running for 6.015)
2017-10-31 11:22:12.726   INFO  --- [nio-8080-exec-3] e.ContainerBase.[Tomcat].[localhost].[/] : Initializing Spring FrameworkServlet 'dispatcherServlet'
